Start testing: Sep 02 01:22 CEST
----------------------------------------------------------
1/1 Testing: tinyso-runner
1/1 Test: tinyso-runner
Command: "/home/ola/projects/repos/chalmers/tinyso/b/tinyso-runner"
Directory: /home/ola/projects/repos/chalmers/tinyso/b
"tinyso-runner" start time: Sep 02 01:22 CEST
Output:
----------------------------------------------------------
0: Best f(0.967171, 2.17674) = 4.00625
1: Best f(2.63327, 6.12539) = 2.29133
2: Best f(2.63327, 6.12539) = 2.29133
3: Best f(2.63327, 6.12539) = 2.29133
4: Best f(2.63327, 6.12539) = 2.29133
5: Best f(2.63327, 6.12539) = 2.29133
6: Best f(2.63327, 6.12539) = 2.29133
7: Best f(2.63327, 6.12539) = 2.29133
8: Best f(2.63327, 6.12539) = 2.29133
9: Best f(2.63327, 6.12539) = 2.29133
10: Best f(2.63327, 6.12539) = 2.29133
11: Best f(2.63327, 6.12539) = 2.29133
12: Best f(1.23427, 4.53869) = 1.89395
13: Best f(1.79848, 5.11603) = 1.23253
14: Best f(1.79848, 5.11603) = 1.23253
15: Best f(1.79848, 5.11603) = 1.23253
16: Best f(1.79848, 5.11603) = 1.23253
17: Best f(1.79848, 5.11603) = 1.23253
18: Best f(1.79848, 5.11603) = 1.23253
19: Best f(1.79848, 5.11603) = 1.23253
20: Best f(1.79848, 5.11603) = 1.23253
21: Best f(1.79848, 5.11603) = 1.23253
22: Best f(1.79848, 5.11603) = 1.23253
23: Best f(1.79848, 5.11603) = 1.23253
24: Best f(1.79848, 5.11603) = 1.23253
25: Best f(1.79848, 5.11603) = 1.23253
26: Best f(1.79848, 5.11603) = 1.23253
27: Best f(1.79848, 5.11603) = 1.23253
28: Best f(1.79848, 5.11603) = 1.23253
29: Best f(1.79848, 5.11603) = 1.23253
30: Best f(1.79848, 5.11603) = 1.23253
31: Best f(1.79848, 5.11603) = 1.23253
32: Best f(1.79848, 5.11603) = 1.23253
33: Best f(1.79848, 5.11603) = 1.23253
34: Best f(1.79848, 5.11603) = 1.23253
35: Best f(1.79848, 5.11603) = 1.23253
36: Best f(1.79848, 5.11603) = 1.23253
37: Best f(1.79848, 5.11603) = 1.23253
38: Best f(1.79848, 5.11603) = 1.23253
39: Best f(1.79848, 5.11603) = 1.23253
40: Best f(1.79848, 5.11603) = 1.23253
41: Best f(1.79848, 5.11603) = 1.23253
42: Best f(1.79848, 5.11603) = 1.23253
43: Best f(1.79848, 5.11603) = 1.23253
44: Best f(1.79848, 5.11603) = 1.23253
45: Best f(1.79848, 5.11603) = 1.23253
46: Best f(1.79848, 5.11603) = 1.23253
47: Best f(1.79848, 5.11603) = 1.23253
48: Best f(1.79848, 5.11603) = 1.23253
49: Best f(1.79848, 5.11603) = 1.23253
50: Best f(1.79848, 5.11603) = 1.23253
51: Best f(1.79848, 5.11603) = 1.23253
52: Best f(1.79848, 5.11603) = 1.23253
53: Best f(1.79848, 5.11603) = 1.23253
54: Best f(1.79848, 5.11603) = 1.23253
55: Best f(1.79848, 5.11603) = 1.23253
56: Best f(1.79848, 5.11603) = 1.23253
57: Best f(1.79848, 5.11603) = 1.23253
58: Best f(1.79848, 5.11603) = 1.23253
59: Best f(1.79848, 5.11603) = 1.23253
60: Best f(1.79848, 5.11603) = 1.23253
61: Best f(1.79848, 5.11603) = 1.23253
62: Best f(1.79848, 5.11603) = 1.23253
63: Best f(1.79848, 5.11603) = 1.23253
64: Best f(1.79848, 5.11603) = 1.23253
65: Best f(1.79848, 5.11603) = 1.23253
66: Best f(1.79848, 5.11603) = 1.23253
67: Best f(1.79848, 5.11603) = 1.23253
68: Best f(1.79848, 5.11603) = 1.23253
69: Best f(1.79848, 5.11603) = 1.23253
70: Best f(1.79848, 5.11603) = 1.23253
71: Best f(1.79848, 5.11603) = 1.23253
72: Best f(1.79848, 5.11603) = 1.23253
73: Best f(1.79848, 5.11603) = 1.23253
74: Best f(1.79848, 5.11603) = 1.23253
75: Best f(1.79848, 5.11603) = 1.23253
76: Best f(1.79848, 5.11603) = 1.23253
77: Best f(1.79848, 5.11603) = 1.23253
78: Best f(1.79848, 5.11603) = 1.23253
79: Best f(1.79848, 5.11603) = 1.23253
80: Best f(1.79848, 5.11603) = 1.23253
81: Best f(1.79848, 5.11603) = 1.23253
82: Best f(1.79848, 5.11603) = 1.23253
83: Best f(1.79848, 5.11603) = 1.23253
84: Best f(1.79848, 5.11603) = 1.23253
85: Best f(1.79848, 5.11603) = 1.23253
86: Best f(1.79848, 5.11603) = 1.23253
87: Best f(1.79848, 5.11603) = 1.23253
88: Best f(1.79848, 5.11603) = 1.23253
89: Best f(1.79848, 5.11603) = 1.23253
90: Best f(1.79848, 5.11603) = 1.23253
91: Best f(1.79848, 5.11603) = 1.23253
92: Best f(1.79848, 5.11603) = 1.23253
93: Best f(1.79848, 5.11603) = 1.23253
94: Best f(1.79848, 5.11603) = 1.23253
95: Best f(1.79848, 5.11603) = 1.23253
96: Best f(1.79848, 5.11603) = 1.23253
97: Best f(1.79848, 5.11603) = 1.23253
98: Best f(1.79848, 5.11603) = 1.23253
99: Best f(1.79848, 5.11603) = 1.23253
100: Best f(1.79848, 5.11603) = 1.23253
101: Best f(1.79848, 5.11603) = 1.23253
102: Best f(1.79848, 5.11603) = 1.23253
103: Best f(1.79848, 5.05717) = 1.20947
104: Best f(1.79848, 5.05717) = 1.20947
105: Best f(1.79848, 5.05717) = 1.20947
106: Best f(1.79848, 5.05717) = 1.20947
107: Best f(1.79848, 5.05717) = 1.20947
108: Best f(1.79848, 5.05717) = 1.20947
109: Best f(1.79848, 5.05717) = 1.20947
110: Best f(1.79848, 5.05717) = 1.20947
111: Best f(1.79848, 5.05717) = 1.20947
112: Best f(1.79848, 5.05717) = 1.20947
113: Best f(1.79848, 5.05717) = 1.20947
114: Best f(1.79848, 5.05717) = 1.20947
115: Best f(1.79848, 5.05717) = 1.20947
116: Best f(1.79848, 5.05717) = 1.20947
117: Best f(1.79848, 5.05717) = 1.20947
118: Best f(1.79848, 5.05717) = 1.20947
119: Best f(1.79848, 5.05717) = 1.20947
120: Best f(1.79848, 5.05717) = 1.20947
121: Best f(1.79848, 5.05717) = 1.20947
122: Best f(1.79848, 5.05717) = 1.20947
123: Best f(1.79848, 5.05717) = 1.20947
124: Best f(1.79848, 5.05717) = 1.20947
125: Best f(1.79848, 5.05717) = 1.20947
126: Best f(1.79848, 5.05717) = 1.20947
127: Best f(1.79848, 5.05717) = 1.20947
128: Best f(1.79848, 5.05717) = 1.20947
129: Best f(1.79848, 5.05717) = 1.20947
130: Best f(1.79848, 5.05717) = 1.20947
131: Best f(1.79848, 5.05717) = 1.20947
132: Best f(1.79848, 5.05717) = 1.20947
133: Best f(1.79848, 5.05717) = 1.20947
134: Best f(1.79848, 5.05717) = 1.20947
135: Best f(1.79848, 5.05717) = 1.20947
136: Best f(1.79848, 5.05717) = 1.20947
137: Best f(1.79848, 5.05717) = 1.20947
138: Best f(1.79848, 5.05717) = 1.20947
139: Best f(1.79848, 5.05717) = 1.20947
140: Best f(1.79848, 5.05717) = 1.20947
141: Best f(1.79848, 5.05717) = 1.20947
142: Best f(1.79848, 5.05717) = 1.20947
143: Best f(1.79848, 5.05717) = 1.20947
144: Best f(1.79848, 5.05717) = 1.20947
145: Best f(1.79848, 5.05717) = 1.20947
146: Best f(1.79848, 5.05717) = 1.20947
147: Best f(1.79848, 5.05717) = 1.20947
148: Best f(1.79848, 5.05717) = 1.20947
149: Best f(1.79848, 5.05717) = 1.20947
150: Best f(1.79848, 5.05717) = 1.20947
151: Best f(1.79848, 5.05717) = 1.20947
152: Best f(1.79848, 5.05717) = 1.20947
153: Best f(1.79848, 5.05717) = 1.20947
154: Best f(1.79848, 5.05717) = 1.20947
155: Best f(1.79848, 5.05717) = 1.20947
156: Best f(1.79848, 5.05717) = 1.20947
157: Best f(1.79848, 5.05717) = 1.20947
158: Best f(1.79848, 5.05717) = 1.20947
159: Best f(1.79848, 5.05717) = 1.20947
160: Best f(1.79848, 5.05717) = 1.20947
161: Best f(1.79848, 5.05717) = 1.20947
162: Best f(1.79848, 5.05717) = 1.20947
163: Best f(1.79848, 5.05717) = 1.20947
164: Best f(1.79848, 5.05717) = 1.20947
165: Best f(1.79848, 5.05717) = 1.20947
166: Best f(1.79848, 5.05717) = 1.20947
167: Best f(1.79848, 5.05717) = 1.20947
168: Best f(1.79848, 5.05717) = 1.20947
169: Best f(1.79848, 5.05717) = 1.20947
170: Best f(1.79848, 5.05717) = 1.20947
171: Best f(1.79848, 5.05717) = 1.20947
172: Best f(1.79848, 5.05717) = 1.20947
173: Best f(2.06611, 5.05717) = 1.0874
174: Best f(2.06611, 5.05717) = 1.0874
175: Best f(2.06611, 5.05717) = 1.0874
176: Best f(2.06611, 5.05717) = 1.0874
177: Best f(2.06611, 5.05717) = 1.0874
178: Best f(2.06611, 5.05717) = 1.0874
179: Best f(2.06611, 5.05717) = 1.0874
180: Best f(2.06611, 5.05717) = 1.0874
181: Best f(2.06611, 5.05717) = 1.0874
182: Best f(2.06611, 5.05717) = 1.0874
183: Best f(2.06611, 5.05717) = 1.0874
184: Best f(2.06611, 5.05717) = 1.0874
185: Best f(2.06611, 5.05717) = 1.0874
186: Best f(2.06611, 5.05717) = 1.0874
187: Best f(2.06611, 5.05717) = 1.0874
188: Best f(2.06611, 5.05717) = 1.0874
189: Best f(2.06611, 5.05717) = 1.0874
190: Best f(2.06611, 5.05717) = 1.0874
191: Best f(2.06611, 5.05717) = 1.0874
192: Best f(2.06611, 4.98895) = 1.06702
193: Best f(2.06611, 4.98895) = 1.06702
194: Best f(2.06611, 4.98895) = 1.06702
195: Best f(2.06611, 4.98895) = 1.06702
196: Best f(2.06611, 4.98895) = 1.06702
197: Best f(2.06611, 4.98895) = 1.06702
198: Best f(2.06611, 4.98895) = 1.06702
199: Best f(2.06611, 4.98895) = 1.06702
200: Best f(2.06611, 4.98895) = 1.06702
201: Best f(2.06611, 4.98895) = 1.06702
202: Best f(2.06611, 4.98895) = 1.06702
203: Best f(2.06611, 4.98895) = 1.06702
204: Best f(2.06611, 4.98895) = 1.06702
205: Best f(2.06611, 4.98895) = 1.06702
206: Best f(2.06611, 4.98895) = 1.06702
207: Best f(2.06611, 4.98895) = 1.06702
208: Best f(2.06611, 4.98895) = 1.06702
209: Best f(2.06611, 4.98895) = 1.06702
210: Best f(2.06611, 4.98895) = 1.06702
211: Best f(2.06611, 4.98895) = 1.06702
212: Best f(2.06611, 4.98895) = 1.06702
213: Best f(2.06611, 4.98895) = 1.06702
214: Best f(2.06611, 4.98895) = 1.06702
215: Best f(2.06611, 4.98895) = 1.06702
216: Best f(2.06611, 4.98895) = 1.06702
217: Best f(2.06611, 4.98895) = 1.06702
218: Best f(2.06611, 4.98895) = 1.06702
219: Best f(2.06611, 4.98895) = 1.06702
220: Best f(2.06611, 4.98895) = 1.06702
221: Best f(2.06611, 4.98895) = 1.06702
222: Best f(2.06611, 4.98895) = 1.06702
223: Best f(2.06611, 4.98895) = 1.06702
224: Best f(2.06611, 4.98895) = 1.06702
225: Best f(2.06611, 4.98895) = 1.06702
226: Best f(2.06611, 4.98895) = 1.06702
227: Best f(2.06611, 4.98895) = 1.06702
228: Best f(2.06611, 4.98895) = 1.06702
229: Best f(2.06611, 4.98895) = 1.06702
230: Best f(2.06611, 4.98895) = 1.06702
231: Best f(2.06611, 4.98895) = 1.06702
232: Best f(2.06611, 4.98895) = 1.06702
233: Best f(2.06611, 4.98895) = 1.06702
234: Best f(2.06611, 4.98895) = 1.06702
235: Best f(2.06611, 4.98895) = 1.06702
236: Best f(2.06611, 4.98895) = 1.06702
237: Best f(2.06611, 4.98895) = 1.06702
238: Best f(2.06611, 4.98895) = 1.06702
239: Best f(2.06611, 4.98895) = 1.06702
240: Best f(2.06611, 4.98895) = 1.06702
241: Best f(2.06611, 4.98895) = 1.06702
242: Best f(2.06611, 4.98895) = 1.06702
243: Best f(2.06611, 4.98895) = 1.06702
244: Best f(2.06611, 4.98895) = 1.06702
245: Best f(2.06611, 4.98895) = 1.06702
246: Best f(2.06611, 4.98895) = 1.06702
247: Best f(2.06611, 4.98895) = 1.06702
248: Best f(2.06611, 4.98895) = 1.06702
249: Best f(2.06611, 4.98895) = 1.06702
250: Best f(2.06611, 4.98895) = 1.06702
251: Best f(2.06611, 4.98895) = 1.06702
252: Best f(2.06611, 4.98895) = 1.06702
253: Best f(2.06611, 4.98895) = 1.06702
254: Best f(2.06611, 4.98895) = 1.06702
255: Best f(2.06611, 4.98895) = 1.06702
256: Best f(2.06611, 4.98895) = 1.06702
257: Best f(2.06611, 4.98895) = 1.06702
258: Best f(2.06611, 4.98895) = 1.06702
259: Best f(2.06611, 4.98895) = 1.06702
260: Best f(2.06611, 4.98895) = 1.06702
261: Best f(2.06611, 4.98895) = 1.06702
262: Best f(2.06611, 4.98895) = 1.06702
263: Best f(2.06611, 4.98895) = 1.06702
264: Best f(2.06611, 4.98895) = 1.06702
265: Best f(2.06611, 4.98895) = 1.06702
266: Best f(2.06611, 4.98895) = 1.06702
267: Best f(2.06611, 4.98895) = 1.06702
268: Best f(2.06611, 4.98895) = 1.06702
269: Best f(2.06611, 4.98895) = 1.06702
270: Best f(2.06611, 4.98895) = 1.06702
271: Best f(2.06611, 4.98895) = 1.06702
272: Best f(2.06611, 4.98895) = 1.06702
273: Best f(2.06611, 4.98895) = 1.06702
274: Best f(2.06611, 4.98895) = 1.06702
275: Best f(2.06611, 4.98895) = 1.06702
276: Best f(2.06611, 4.98895) = 1.06702
277: Best f(2.06611, 4.98895) = 1.06702
278: Best f(2.06611, 4.98895) = 1.06702
279: Best f(2.06611, 4.98895) = 1.06702
280: Best f(2.06611, 4.98895) = 1.06702
281: Best f(2.06611, 4.98895) = 1.06702
282: Best f(2.06611, 4.98895) = 1.06702
283: Best f(2.06611, 4.98895) = 1.06702
284: Best f(2.06611, 4.98895) = 1.06702
285: Best f(2.06611, 4.98895) = 1.06702
286: Best f(2.06611, 4.98895) = 1.06702
287: Best f(2.06611, 4.98895) = 1.06702
288: Best f(2.06611, 4.98895) = 1.06702
289: Best f(2.06611, 4.98895) = 1.06702
290: Best f(2.06611, 4.98895) = 1.06702
291: Best f(2.06611, 4.98895) = 1.06702
292: Best f(2.06611, 4.98895) = 1.06702
293: Best f(2.06611, 4.98895) = 1.06702
294: Best f(2.06611, 4.98895) = 1.06702
295: Best f(2.06611, 4.98895) = 1.06702
296: Best f(2.06611, 4.98895) = 1.06702
297: Best f(2.06611, 4.98895) = 1.06702
298: Best f(2.06611, 4.98895) = 1.06702
299: Best f(2.06611, 4.98895) = 1.06702
300: Best f(2.06611, 4.98895) = 1.06702
301: Best f(2.06611, 4.98895) = 1.06702
302: Best f(2.06611, 4.98895) = 1.06702
303: Best f(2.06611, 4.98895) = 1.06702
304: Best f(2.06611, 4.98895) = 1.06702
305: Best f(2.06611, 4.98895) = 1.06702
306: Best f(2.06611, 4.98895) = 1.06702
307: Best f(2.06611, 4.98895) = 1.06702
308: Best f(2.06611, 4.98895) = 1.06702
309: Best f(2.06611, 4.98895) = 1.06702
310: Best f(2.06611, 4.98895) = 1.06702
311: Best f(2.06611, 4.98895) = 1.06702
312: Best f(2.06611, 4.98895) = 1.06702
313: Best f(2.06611, 4.98895) = 1.06702
314: Best f(2.06611, 4.98895) = 1.06702
315: Best f(2.06611, 4.98895) = 1.06702
316: Best f(2.06611, 4.98895) = 1.06702
317: Best f(2.06611, 4.98895) = 1.06702
318: Best f(2.06611, 4.98895) = 1.06702
319: Best f(2.06611, 4.98895) = 1.06702
320: Best f(2.06611, 4.98895) = 1.06702
321: Best f(2.06611, 4.98895) = 1.06702
322: Best f(2.06611, 4.98895) = 1.06702
323: Best f(2.06611, 4.98895) = 1.06702
324: Best f(2.06611, 4.98895) = 1.06702
325: Best f(2.06611, 4.98895) = 1.06702
326: Best f(2.06611, 4.98895) = 1.06702
327: Best f(2.06611, 4.98895) = 1.06702
328: Best f(2.06611, 4.98895) = 1.06702
329: Best f(2.06611, 4.98895) = 1.06702
330: Best f(2.06611, 4.98895) = 1.06702
331: Best f(2.06611, 4.98895) = 1.06702
332: Best f(2.06611, 4.98895) = 1.06702
333: Best f(2.06611, 4.98895) = 1.06702
334: Best f(2.06611, 4.98895) = 1.06702
335: Best f(2.06611, 4.98895) = 1.06702
336: Best f(2.06611, 4.98895) = 1.06702
337: Best f(2.06611, 4.98895) = 1.06702
338: Best f(2.06611, 4.98895) = 1.06702
339: Best f(2.06611, 4.98895) = 1.06702
340: Best f(2.06611, 4.98895) = 1.06702
341: Best f(2.06611, 4.98895) = 1.06702
342: Best f(2.06611, 4.98895) = 1.06702
343: Best f(2.06611, 4.98895) = 1.06702
344: Best f(2.06611, 4.98895) = 1.06702
345: Best f(2.06611, 4.98895) = 1.06702
346: Best f(2.06611, 4.98895) = 1.06702
347: Best f(2.06611, 4.98895) = 1.06702
348: Best f(2.06611, 4.98895) = 1.06702
349: Best f(2.06611, 4.98895) = 1.06702
350: Best f(2.06611, 4.98895) = 1.06702
351: Best f(2.06611, 4.98895) = 1.06702
352: Best f(2.06611, 4.98895) = 1.06702
353: Best f(2.06611, 4.98895) = 1.06702
354: Best f(2.06611, 4.98895) = 1.06702
355: Best f(2.06611, 4.98895) = 1.06702
356: Best f(2.06611, 4.98895) = 1.06702
357: Best f(2.06611, 4.98895) = 1.06702
358: Best f(2.06611, 4.98895) = 1.06702
359: Best f(2.06611, 4.98895) = 1.06702
360: Best f(2.06611, 4.98895) = 1.06702
361: Best f(2.06611, 4.98895) = 1.06702
362: Best f(2.06611, 4.98895) = 1.06702
363: Best f(2.06611, 4.98895) = 1.06702
364: Best f(2.06611, 4.98895) = 1.06702
365: Best f(2.06611, 4.98895) = 1.06702
366: Best f(2.06611, 4.98895) = 1.06702
367: Best f(2.06611, 4.98895) = 1.06702
368: Best f(2.06611, 4.98895) = 1.06702
369: Best f(2.06611, 4.98895) = 1.06702
370: Best f(2.06611, 4.98895) = 1.06702
371: Best f(2.06611, 4.98895) = 1.06702
372: Best f(2.06611, 4.98895) = 1.06702
373: Best f(2.06611, 4.98895) = 1.06702
374: Best f(2.06611, 4.98895) = 1.06702
375: Best f(2.06611, 4.98895) = 1.06702
376: Best f(2.06611, 4.98895) = 1.06702
377: Best f(2.06611, 4.98895) = 1.06702
378: Best f(2.06611, 4.98895) = 1.06702
379: Best f(2.06611, 4.98895) = 1.06702
380: Best f(2.06611, 4.98895) = 1.06702
381: Best f(2.06611, 4.98895) = 1.06702
382: Best f(2.06611, 4.98895) = 1.06702
383: Best f(2.06611, 4.98895) = 1.06702
384: Best f(2.06611, 4.98895) = 1.06702
385: Best f(2.06611, 4.98895) = 1.06702
386: Best f(2.06611, 4.98895) = 1.06702
387: Best f(2.06611, 4.98895) = 1.06702
388: Best f(2.06611, 4.98895) = 1.06702
389: Best f(2.06611, 4.98895) = 1.06702
390: Best f(2.06611, 4.98895) = 1.06702
391: Best f(2.06611, 4.98895) = 1.06702
392: Best f(2.06611, 4.98895) = 1.06702
393: Best f(2.06611, 4.98895) = 1.06702
394: Best f(2.06611, 4.98895) = 1.06702
395: Best f(2.06611, 4.98895) = 1.06702
396: Best f(2.06611, 4.98895) = 1.06702
397: Best f(2.06611, 4.98895) = 1.06702
398: Best f(2.06611, 4.98895) = 1.06702
399: Best f(2.06611, 4.98895) = 1.06702
400: Best f(2.06611, 4.98895) = 1.06702
401: Best f(2.06611, 4.98895) = 1.06702
402: Best f(2.06611, 4.98895) = 1.06702
403: Best f(2.06611, 4.98895) = 1.06702
404: Best f(2.06611, 4.98895) = 1.06702
405: Best f(2.06611, 4.98895) = 1.06702
406: Best f(2.06611, 4.98895) = 1.06702
407: Best f(2.06611, 4.98895) = 1.06702
408: Best f(2.06611, 4.98895) = 1.06702
409: Best f(1.95371, 4.98895) = 1.0476
410: Best f(1.95371, 4.98895) = 1.0476
411: Best f(1.95371, 4.98895) = 1.0476
412: Best f(1.95371, 4.98895) = 1.0476
413: Best f(1.95371, 4.98895) = 1.0476
414: Best f(1.95371, 4.98895) = 1.0476
415: Best f(1.95371, 4.98895) = 1.0476
416: Best f(1.95371, 4.98895) = 1.0476
417: Best f(1.95371, 4.98895) = 1.0476
418: Best f(1.95371, 4.98895) = 1.0476
419: Best f(1.95371, 4.98895) = 1.0476
420: Best f(1.95371, 4.98895) = 1.0476
421: Best f(1.95371, 4.98895) = 1.0476
422: Best f(1.95371, 4.98895) = 1.0476
423: Best f(1.95371, 4.98895) = 1.0476
424: Best f(1.95371, 4.98895) = 1.0476
425: Best f(1.95371, 4.98895) = 1.0476
426: Best f(1.95371, 4.98895) = 1.0476
427: Best f(1.95371, 4.98895) = 1.0476
428: Best f(1.95371, 4.98895) = 1.0476
429: Best f(1.95371, 4.98895) = 1.0476
430: Best f(1.95371, 4.98895) = 1.0476
431: Best f(1.95371, 4.98895) = 1.0476
432: Best f(1.95371, 4.98895) = 1.0476
433: Best f(1.95371, 4.98895) = 1.0476
434: Best f(1.95371, 4.98895) = 1.0476
435: Best f(1.95371, 4.98895) = 1.0476
436: Best f(1.95371, 4.98895) = 1.0476
437: Best f(1.95371, 4.98895) = 1.0476
438: Best f(1.95371, 4.98895) = 1.0476
439: Best f(1.95371, 4.98895) = 1.0476
440: Best f(1.95371, 4.98895) = 1.0476
441: Best f(1.95371, 4.98895) = 1.0476
442: Best f(1.95371, 4.98895) = 1.0476
443: Best f(1.95371, 4.98895) = 1.0476
444: Best f(1.95371, 4.98895) = 1.0476
445: Best f(1.95371, 4.98895) = 1.0476
446: Best f(1.95371, 4.98895) = 1.0476
447: Best f(1.95371, 4.98895) = 1.0476
448: Best f(1.95371, 4.98895) = 1.0476
449: Best f(1.95371, 4.98895) = 1.0476
450: Best f(1.95371, 4.98895) = 1.0476
451: Best f(1.95371, 4.98895) = 1.0476
452: Best f(1.95371, 4.98895) = 1.0476
453: Best f(1.95371, 4.98895) = 1.0476
454: Best f(1.95371, 4.98895) = 1.0476
455: Best f(1.95371, 4.98895) = 1.0476
456: Best f(1.95371, 4.98895) = 1.0476
457: Best f(1.95371, 4.98895) = 1.0476
458: Best f(1.95371, 4.98895) = 1.0476
459: Best f(1.95371, 4.98895) = 1.0476
460: Best f(1.95371, 4.98895) = 1.0476
461: Best f(1.95371, 4.98895) = 1.0476
462: Best f(1.95371, 4.98895) = 1.0476
463: Best f(1.95371, 4.98895) = 1.0476
464: Best f(1.95371, 4.98895) = 1.0476
465: Best f(1.95371, 4.98895) = 1.0476
466: Best f(1.95371, 4.98895) = 1.0476
467: Best f(1.95371, 4.98895) = 1.0476
468: Best f(1.95371, 4.98895) = 1.0476
469: Best f(1.95371, 4.98895) = 1.0476
470: Best f(1.95371, 4.98895) = 1.0476
471: Best f(1.95371, 4.98895) = 1.0476
472: Best f(1.95371, 4.98895) = 1.0476
473: Best f(1.95371, 4.98895) = 1.0476
474: Best f(1.95371, 4.98895) = 1.0476
475: Best f(1.95371, 4.98895) = 1.0476
476: Best f(1.95371, 4.98895) = 1.0476
477: Best f(1.95371, 4.98895) = 1.0476
478: Best f(1.95371, 4.98895) = 1.0476
479: Best f(1.95371, 4.98895) = 1.0476
480: Best f(1.95371, 4.98895) = 1.0476
481: Best f(1.95371, 4.98895) = 1.0476
482: Best f(1.95371, 4.98895) = 1.0476
483: Best f(1.95371, 4.98895) = 1.0476
484: Best f(1.95371, 4.98895) = 1.0476
485: Best f(1.95371, 4.98895) = 1.0476
486: Best f(1.95371, 4.98895) = 1.0476
487: Best f(1.95371, 4.98895) = 1.0476
488: Best f(1.95371, 4.98895) = 1.0476
489: Best f(1.95371, 4.98895) = 1.0476
490: Best f(1.95371, 4.98895) = 1.0476
491: Best f(1.95371, 4.98895) = 1.0476
492: Best f(1.95371, 4.98895) = 1.0476
493: Best f(1.95371, 4.98895) = 1.0476
494: Best f(1.95371, 4.98895) = 1.0476
495: Best f(1.95371, 4.98895) = 1.0476
496: Best f(1.95371, 4.98895) = 1.0476
497: Best f(1.95371, 4.98895) = 1.0476
498: Best f(1.95371, 4.98895) = 1.0476
499: Best f(1.95371, 4.98895) = 1.0476
500: Best f(1.95371, 4.98895) = 1.0476
501: Best f(1.95371, 4.98895) = 1.0476
502: Best f(1.95371, 4.98895) = 1.0476
503: Best f(1.95371, 4.98895) = 1.0476
504: Best f(1.95371, 4.98895) = 1.0476
505: Best f(1.95371, 4.98895) = 1.0476
506: Best f(1.95371, 4.98895) = 1.0476
507: Best f(1.95371, 4.98895) = 1.0476
508: Best f(1.95371, 4.98895) = 1.0476
509: Best f(1.95371, 4.98895) = 1.0476
510: Best f(1.95371, 4.98895) = 1.0476
511: Best f(1.95371, 4.98895) = 1.0476
512: Best f(1.95371, 4.98895) = 1.0476
513: Best f(1.95371, 4.98895) = 1.0476
514: Best f(1.95371, 4.98895) = 1.0476
515: Best f(1.95371, 4.98895) = 1.0476
516: Best f(1.95371, 4.98895) = 1.0476
517: Best f(1.95371, 4.98895) = 1.0476
518: Best f(1.95371, 4.98895) = 1.0476
519: Best f(1.95371, 4.98895) = 1.0476
520: Best f(1.95371, 4.98895) = 1.0476
521: Best f(1.95371, 4.98895) = 1.0476
522: Best f(1.95371, 4.98895) = 1.0476
523: Best f(1.95371, 4.98895) = 1.0476
524: Best f(1.95371, 4.98895) = 1.0476
525: Best f(1.95371, 4.98895) = 1.0476
526: Best f(1.95371, 4.98895) = 1.0476
527: Best f(1.95371, 4.98895) = 1.0476
528: Best f(1.95371, 4.98895) = 1.0476
529: Best f(1.95371, 4.98895) = 1.0476
530: Best f(1.95371, 4.98895) = 1.0476
531: Best f(1.95371, 4.98895) = 1.0476
532: Best f(1.95371, 4.98895) = 1.0476
533: Best f(1.95371, 4.98895) = 1.0476
534: Best f(1.95371, 4.98895) = 1.0476
535: Best f(1.95371, 4.98895) = 1.0476
536: Best f(1.95371, 4.98895) = 1.0476
537: Best f(1.95371, 4.98895) = 1.0476
538: Best f(1.95371, 4.98895) = 1.0476
539: Best f(1.95371, 4.98895) = 1.0476
540: Best f(1.95371, 4.98895) = 1.0476
541: Best f(1.95371, 4.98895) = 1.0476
542: Best f(1.95371, 4.98895) = 1.0476
543: Best f(1.95371, 4.98895) = 1.0476
544: Best f(1.95371, 4.98895) = 1.0476
545: Best f(1.95371, 4.98895) = 1.0476
546: Best f(1.95371, 4.98895) = 1.0476
547: Best f(1.95371, 4.98895) = 1.0476
548: Best f(1.95371, 4.98895) = 1.0476
549: Best f(1.95371, 4.98895) = 1.0476
550: Best f(1.95371, 4.98895) = 1.0476
551: Best f(1.95371, 4.98895) = 1.0476
552: Best f(1.95371, 4.98895) = 1.0476
553: Best f(1.95371, 4.98895) = 1.0476
554: Best f(1.95371, 4.98895) = 1.0476
555: Best f(1.95371, 4.98895) = 1.0476
556: Best f(1.95371, 4.98895) = 1.0476
557: Best f(1.95371, 4.98895) = 1.0476
558: Best f(1.95371, 4.98895) = 1.0476
559: Best f(1.95371, 4.98895) = 1.0476
560: Best f(1.95371, 4.98895) = 1.0476
561: Best f(1.95371, 4.98895) = 1.0476
562: Best f(1.95371, 4.98895) = 1.0476
563: Best f(1.95371, 4.98895) = 1.0476
564: Best f(1.95371, 4.98895) = 1.0476
565: Best f(1.95371, 4.98895) = 1.0476
566: Best f(1.95371, 4.98895) = 1.0476
567: Best f(1.95371, 4.98895) = 1.0476
568: Best f(1.95371, 4.98895) = 1.0476
569: Best f(1.95371, 4.98895) = 1.0476
570: Best f(1.95371, 4.98895) = 1.0476
571: Best f(1.95371, 4.98895) = 1.0476
572: Best f(1.95371, 4.98895) = 1.0476
573: Best f(1.95371, 4.98895) = 1.0476
574: Best f(1.95371, 4.98895) = 1.0476
575: Best f(1.95371, 4.98895) = 1.0476
576: Best f(1.95371, 4.98895) = 1.0476
577: Best f(1.95371, 4.98895) = 1.0476
578: Best f(1.95371, 4.98895) = 1.0476
579: Best f(1.95371, 4.98895) = 1.0476
580: Best f(1.95371, 4.98895) = 1.0476
581: Best f(1.95371, 4.98895) = 1.0476
582: Best f(1.95371, 4.98895) = 1.0476
583: Best f(1.95371, 4.98895) = 1.0476
584: Best f(1.95371, 4.98895) = 1.0476
585: Best f(1.95371, 4.98895) = 1.0476
586: Best f(1.95371, 4.98895) = 1.0476
587: Best f(1.95371, 4.98895) = 1.0476
588: Best f(1.95371, 4.98895) = 1.0476
589: Best f(1.95371, 4.98895) = 1.0476
590: Best f(1.95371, 4.98895) = 1.0476
591: Best f(1.95371, 4.98895) = 1.0476
592: Best f(1.95371, 4.98895) = 1.0476
593: Best f(1.95371, 4.98895) = 1.0476
594: Best f(1.95371, 4.98895) = 1.0476
595: Best f(1.95371, 4.98895) = 1.0476
596: Best f(1.95371, 4.98895) = 1.0476
597: Best f(1.95371, 4.98895) = 1.0476
598: Best f(1.95371, 4.98895) = 1.0476
599: Best f(1.95371, 4.98895) = 1.0476
600: Best f(1.95371, 4.98895) = 1.0476
601: Best f(1.95371, 5.002) = 1.04634
602: Best f(1.95371, 5.002) = 1.04634
603: Best f(1.95371, 5.002) = 1.04634
604: Best f(1.95371, 5.002) = 1.04634
605: Best f(1.95371, 5.002) = 1.04634
606: Best f(1.95371, 5.002) = 1.04634
607: Best f(1.95371, 5.002) = 1.04634
608: Best f(1.95371, 5.002) = 1.04634
609: Best f(1.95371, 5.002) = 1.04634
610: Best f(1.95371, 5.002) = 1.04634
611: Best f(1.95371, 5.002) = 1.04634
612: Best f(1.95371, 5.002) = 1.04634
613: Best f(1.95371, 5.002) = 1.04634
614: Best f(1.95371, 5.002) = 1.04634
615: Best f(1.95371, 5.002) = 1.04634
616: Best f(1.95371, 5.002) = 1.04634
617: Best f(1.95371, 5.002) = 1.04634
618: Best f(1.95371, 5.002) = 1.04634
619: Best f(1.95371, 5.002) = 1.04634
620: Best f(1.95371, 5.002) = 1.04634
621: Best f(1.95371, 5.002) = 1.04634
622: Best f(1.95371, 5.002) = 1.04634
623: Best f(1.95371, 5.002) = 1.04634
624: Best f(1.95371, 5.002) = 1.04634
625: Best f(1.95371, 5.002) = 1.04634
626: Best f(1.95371, 5.002) = 1.04634
627: Best f(1.95371, 5.002) = 1.04634
628: Best f(1.95371, 5.002) = 1.04634
629: Best f(1.95371, 5.002) = 1.04634
630: Best f(1.95371, 5.002) = 1.04634
631: Best f(1.95371, 5.002) = 1.04634
632: Best f(1.95371, 5.002) = 1.04634
633: Best f(1.95371, 5.002) = 1.04634
634: Best f(1.95371, 5.002) = 1.04634
635: Best f(1.95371, 5.002) = 1.04634
636: Best f(1.95371, 5.002) = 1.04634
637: Best f(1.95371, 5.002) = 1.04634
638: Best f(1.95371, 5.002) = 1.04634
639: Best f(1.95371, 5.002) = 1.04634
640: Best f(1.95371, 5.002) = 1.04634
641: Best f(1.95371, 5.002) = 1.04634
642: Best f(1.95371, 5.002) = 1.04634
643: Best f(1.95371, 5.002) = 1.04634
644: Best f(1.95371, 5.002) = 1.04634
645: Best f(1.95371, 5.002) = 1.04634
646: Best f(1.95371, 5.002) = 1.04634
647: Best f(1.95371, 5.002) = 1.04634
648: Best f(1.95371, 5.002) = 1.04634
649: Best f(1.95371, 5.002) = 1.04634
650: Best f(1.95371, 5.002) = 1.04634
651: Best f(1.95371, 5.002) = 1.04634
652: Best f(1.95371, 5.002) = 1.04634
653: Best f(1.95371, 5.002) = 1.04634
654: Best f(1.95371, 5.002) = 1.04634
655: Best f(1.95371, 5.002) = 1.04634
656: Best f(1.95371, 5.002) = 1.04634
657: Best f(1.95371, 5.002) = 1.04634
658: Best f(1.95371, 5.002) = 1.04634
659: Best f(1.95371, 5.002) = 1.04634
660: Best f(1.95371, 5.002) = 1.04634
661: Best f(1.95371, 5.002) = 1.04634
662: Best f(1.95371, 5.002) = 1.04634
663: Best f(1.95371, 5.002) = 1.04634
664: Best f(1.95371, 5.002) = 1.04634
665: Best f(1.95371, 5.002) = 1.04634
666: Best f(1.95371, 5.002) = 1.04634
667: Best f(1.95371, 5.002) = 1.04634
668: Best f(1.95371, 5.002) = 1.04634
669: Best f(1.95371, 5.002) = 1.04634
670: Best f(1.95371, 5.002) = 1.04634
671: Best f(1.95371, 5.002) = 1.04634
672: Best f(1.95371, 5.002) = 1.04634
673: Best f(1.95371, 5.002) = 1.04634
674: Best f(1.95371, 5.002) = 1.04634
675: Best f(1.95371, 5.002) = 1.04634
676: Best f(1.95371, 5.002) = 1.04634
677: Best f(1.95371, 5.002) = 1.04634
678: Best f(1.95371, 5.002) = 1.04634
679: Best f(1.95371, 5.002) = 1.04634
680: Best f(1.95371, 5.002) = 1.04634
681: Best f(1.95371, 5.002) = 1.04634
682: Best f(1.95371, 5.002) = 1.04634
683: Best f(1.95371, 5.002) = 1.04634
684: Best f(1.95371, 5.002) = 1.04634
685: Best f(1.95371, 5.002) = 1.04634
686: Best f(1.95371, 5.002) = 1.04634
687: Best f(1.95371, 5.002) = 1.04634
688: Best f(1.95371, 5.002) = 1.04634
689: Best f(1.95371, 5.002) = 1.04634
690: Best f(1.95371, 5.002) = 1.04634
691: Best f(1.95371, 5.002) = 1.04634
692: Best f(1.95371, 5.002) = 1.04634
693: Best f(1.95371, 5.002) = 1.04634
694: Best f(1.95371, 5.002) = 1.04634
695: Best f(1.95371, 5.002) = 1.04634
696: Best f(1.95371, 5.002) = 1.04634
697: Best f(1.95371, 5.002) = 1.04634
698: Best f(1.95371, 5.002) = 1.04634
699: Best f(1.95371, 5.002) = 1.04634
700: Best f(1.95371, 5.002) = 1.04634
701: Best f(1.95371, 5.002) = 1.04634
702: Best f(1.95371, 5.002) = 1.04634
703: Best f(1.95371, 5.002) = 1.04634
704: Best f(1.95371, 5.002) = 1.04634
705: Best f(1.95371, 5.002) = 1.04634
706: Best f(1.95371, 5.002) = 1.04634
707: Best f(1.95371, 5.002) = 1.04634
708: Best f(1.95371, 5.002) = 1.04634
709: Best f(1.95371, 5.002) = 1.04634
710: Best f(1.95371, 5.002) = 1.04634
711: Best f(1.95371, 5.002) = 1.04634
712: Best f(1.95371, 5.002) = 1.04634
713: Best f(1.95371, 5.002) = 1.04634
714: Best f(1.95371, 5.002) = 1.04634
715: Best f(1.95371, 5.002) = 1.04634
716: Best f(1.95371, 5.002) = 1.04634
717: Best f(1.95371, 5.002) = 1.04634
718: Best f(1.95371, 5.002) = 1.04634
719: Best f(1.95371, 5.002) = 1.04634
720: Best f(1.95371, 5.002) = 1.04634
721: Best f(1.95371, 5.002) = 1.04634
722: Best f(1.95371, 5.002) = 1.04634
723: Best f(1.95371, 5.002) = 1.04634
724: Best f(1.95371, 5.002) = 1.04634
725: Best f(1.95371, 5.002) = 1.04634
726: Best f(1.95371, 5.002) = 1.04634
727: Best f(1.95371, 5.002) = 1.04634
728: Best f(1.95371, 5.002) = 1.04634
729: Best f(1.95371, 5.002) = 1.04634
730: Best f(1.95371, 5.002) = 1.04634
731: Best f(1.95371, 5.002) = 1.04634
732: Best f(1.95371, 5.002) = 1.04634
733: Best f(1.95371, 5.002) = 1.04634
734: Best f(1.95371, 5.002) = 1.04634
735: Best f(1.95371, 5.002) = 1.04634
736: Best f(1.95371, 5.002) = 1.04634
737: Best f(1.95371, 5.002) = 1.04634
738: Best f(1.95371, 5.002) = 1.04634
739: Best f(1.95371, 5.002) = 1.04634
740: Best f(1.95371, 5.002) = 1.04634
741: Best f(1.95371, 5.002) = 1.04634
742: Best f(1.95371, 5.002) = 1.04634
743: Best f(1.95371, 5.002) = 1.04634
744: Best f(1.95371, 5.002) = 1.04634
745: Best f(1.95371, 5.002) = 1.04634
746: Best f(1.95371, 5.002) = 1.04634
747: Best f(1.95371, 5.002) = 1.04634
748: Best f(1.95371, 5.002) = 1.04634
749: Best f(1.95371, 5.002) = 1.04634
750: Best f(1.95371, 5.002) = 1.04634
751: Best f(1.95371, 5.002) = 1.04634
752: Best f(1.95371, 5.002) = 1.04634
753: Best f(1.95371, 5.002) = 1.04634
754: Best f(1.95371, 5.002) = 1.04634
755: Best f(1.95371, 5.002) = 1.04634
756: Best f(1.95371, 5.002) = 1.04634
757: Best f(1.95371, 5.002) = 1.04634
758: Best f(1.95371, 5.002) = 1.04634
759: Best f(1.95371, 5.002) = 1.04634
760: Best f(1.95371, 5.002) = 1.04634
761: Best f(1.95371, 5.002) = 1.04634
762: Best f(1.95371, 5.002) = 1.04634
763: Best f(1.95371, 5.002) = 1.04634
764: Best f(1.95371, 5.002) = 1.04634
765: Best f(1.95371, 5.002) = 1.04634
766: Best f(1.95371, 5.002) = 1.04634
767: Best f(1.95371, 5.002) = 1.04634
768: Best f(1.95371, 5.002) = 1.04634
769: Best f(1.95371, 5.002) = 1.04634
770: Best f(1.95371, 5.002) = 1.04634
771: Best f(1.95371, 5.002) = 1.04634
772: Best f(1.95371, 5.002) = 1.04634
773: Best f(1.95371, 5.002) = 1.04634
774: Best f(1.95371, 5.002) = 1.04634
775: Best f(1.95371, 5.002) = 1.04634
776: Best f(1.95371, 5.002) = 1.04634
777: Best f(1.95371, 5.002) = 1.04634
778: Best f(1.95371, 5.002) = 1.04634
779: Best f(1.95371, 5.002) = 1.04634
780: Best f(1.95371, 5.002) = 1.04634
781: Best f(1.95371, 5.002) = 1.04634
782: Best f(1.95371, 5.002) = 1.04634
783: Best f(1.95371, 5.002) = 1.04634
784: Best f(1.95371, 5.002) = 1.04634
785: Best f(1.95371, 5.002) = 1.04634
786: Best f(1.95371, 5.002) = 1.04634
787: Best f(1.95371, 5.002) = 1.04634
788: Best f(1.95371, 5.002) = 1.04634
789: Best f(1.95371, 5.002) = 1.04634
790: Best f(1.95371, 5.002) = 1.04634
791: Best f(1.95371, 5.002) = 1.04634
792: Best f(1.95371, 5.002) = 1.04634
793: Best f(1.95371, 5.002) = 1.04634
794: Best f(1.95371, 5.002) = 1.04634
795: Best f(1.95371, 5.002) = 1.04634
796: Best f(1.95371, 5.002) = 1.04634
797: Best f(1.95371, 5.002) = 1.04634
798: Best f(1.95371, 5.002) = 1.04634
799: Best f(1.95371, 5.002) = 1.04634
800: Best f(1.95371, 5.002) = 1.04634
801: Best f(1.95371, 5.002) = 1.04634
802: Best f(1.95371, 5.002) = 1.04634
803: Best f(1.95371, 5.002) = 1.04634
804: Best f(1.95371, 5.002) = 1.04634
805: Best f(1.95371, 5.002) = 1.04634
806: Best f(1.95371, 5.002) = 1.04634
807: Best f(1.95371, 5.002) = 1.04634
808: Best f(1.95371, 5.002) = 1.04634
809: Best f(1.95371, 5.002) = 1.04634
810: Best f(1.95371, 5.002) = 1.04634
811: Best f(1.95371, 5.002) = 1.04634
812: Best f(1.95371, 5.002) = 1.04634
813: Best f(1.95371, 5.002) = 1.04634
814: Best f(1.95371, 5.002) = 1.04634
815: Best f(1.95371, 5.002) = 1.04634
816: Best f(1.95371, 5.002) = 1.04634
817: Best f(1.95371, 5.002) = 1.04634
818: Best f(1.95371, 5.002) = 1.04634
819: Best f(1.95371, 5.002) = 1.04634
820: Best f(1.95371, 5.002) = 1.04634
821: Best f(1.95371, 5.002) = 1.04634
822: Best f(1.95371, 5.002) = 1.04634
823: Best f(1.95371, 5.002) = 1.04634
824: Best f(1.95371, 5.002) = 1.04634
825: Best f(1.95371, 5.002) = 1.04634
826: Best f(1.95371, 5.002) = 1.04634
827: Best f(1.95371, 5.002) = 1.04634
828: Best f(1.95371, 5.002) = 1.04634
829: Best f(1.95371, 5.002) = 1.04634
830: Best f(1.95371, 5.002) = 1.04634
831: Best f(1.95371, 5.002) = 1.04634
832: Best f(1.95371, 5.002) = 1.04634
833: Best f(1.95371, 5.002) = 1.04634
834: Best f(1.95371, 5.002) = 1.04634
835: Best f(1.95371, 5.002) = 1.04634
836: Best f(1.95371, 5.002) = 1.04634
837: Best f(1.95371, 5.002) = 1.04634
838: Best f(1.95371, 5.002) = 1.04634
839: Best f(1.95371, 5.002) = 1.04634
840: Best f(1.95371, 5.002) = 1.04634
841: Best f(1.95371, 5.002) = 1.04634
842: Best f(1.95371, 5.002) = 1.04634
843: Best f(1.95371, 5.002) = 1.04634
844: Best f(1.95371, 5.002) = 1.04634
845: Best f(1.95371, 5.002) = 1.04634
846: Best f(1.95371, 5.002) = 1.04634
847: Best f(1.95371, 5.002) = 1.04634
848: Best f(1.95371, 5.002) = 1.04634
849: Best f(1.95371, 5.002) = 1.04634
850: Best f(1.95371, 5.002) = 1.04634
851: Best f(1.95371, 5.002) = 1.04634
852: Best f(1.95371, 5.002) = 1.04634
853: Best f(1.95371, 5.002) = 1.04634
854: Best f(1.95371, 5.002) = 1.04634
855: Best f(1.95371, 5.002) = 1.04634
856: Best f(1.95371, 5.002) = 1.04634
857: Best f(1.95371, 5.002) = 1.04634
858: Best f(1.95371, 5.002) = 1.04634
859: Best f(1.95371, 5.002) = 1.04634
860: Best f(1.95371, 5.002) = 1.04634
861: Best f(1.95371, 5.002) = 1.04634
862: Best f(1.95371, 5.002) = 1.04634
863: Best f(1.95371, 5.002) = 1.04634
864: Best f(1.95371, 5.002) = 1.04634
865: Best f(1.95371, 5.002) = 1.04634
866: Best f(1.95371, 5.002) = 1.04634
867: Best f(1.95371, 5.002) = 1.04634
868: Best f(1.95371, 5.002) = 1.04634
869: Best f(1.95371, 5.002) = 1.04634
870: Best f(1.95371, 5.002) = 1.04634
871: Best f(1.95371, 5.002) = 1.04634
872: Best f(1.95371, 5.002) = 1.04634
873: Best f(1.95371, 5.002) = 1.04634
874: Best f(1.95371, 5.002) = 1.04634
875: Best f(1.95371, 5.002) = 1.04634
876: Best f(1.95371, 5.002) = 1.04634
877: Best f(1.95371, 5.002) = 1.04634
878: Best f(1.95371, 5.002) = 1.04634
879: Best f(1.95371, 5.002) = 1.04634
880: Best f(1.95371, 5.002) = 1.04634
881: Best f(1.95371, 5.002) = 1.04634
882: Best f(1.95371, 5.002) = 1.04634
883: Best f(1.95371, 5.002) = 1.04634
884: Best f(1.95371, 5.002) = 1.04634
885: Best f(1.95371, 5.002) = 1.04634
886: Best f(1.95371, 5.002) = 1.04634
887: Best f(1.95371, 5.002) = 1.04634
888: Best f(1.95371, 5.002) = 1.04634
889: Best f(1.95371, 5.002) = 1.04634
890: Best f(1.95371, 5.002) = 1.04634
891: Best f(1.95371, 5.002) = 1.04634
892: Best f(1.95371, 5.002) = 1.04634
893: Best f(1.95371, 5.002) = 1.04634
894: Best f(1.95371, 5.002) = 1.04634
895: Best f(1.95371, 5.002) = 1.04634
896: Best f(1.95371, 5.002) = 1.04634
897: Best f(1.95371, 5.002) = 1.04634
898: Best f(1.95371, 5.002) = 1.04634
899: Best f(1.95371, 5.002) = 1.04634
900: Best f(1.95371, 5.002) = 1.04634
901: Best f(1.95371, 5.002) = 1.04634
902: Best f(1.95371, 5.002) = 1.04634
903: Best f(1.95371, 5.002) = 1.04634
904: Best f(1.95371, 5.002) = 1.04634
905: Best f(1.95371, 5.002) = 1.04634
906: Best f(1.95371, 5.002) = 1.04634
907: Best f(1.95371, 5.002) = 1.04634
908: Best f(1.95371, 5.002) = 1.04634
909: Best f(1.95371, 5.002) = 1.04634
910: Best f(1.95371, 5.002) = 1.04634
911: Best f(1.95371, 5.002) = 1.04634
912: Best f(1.95371, 5.002) = 1.04634
913: Best f(1.95371, 5.002) = 1.04634
914: Best f(1.95371, 5.002) = 1.04634
915: Best f(1.95371, 5.002) = 1.04634
916: Best f(1.95371, 5.002) = 1.04634
917: Best f(1.95371, 5.002) = 1.04634
918: Best f(1.95371, 5.002) = 1.04634
919: Best f(1.95371, 5.002) = 1.04634
920: Best f(1.95371, 5.002) = 1.04634
921: Best f(1.95371, 5.002) = 1.04634
922: Best f(1.95371, 5.002) = 1.04634
923: Best f(1.95371, 5.002) = 1.04634
924: Best f(1.95371, 5.002) = 1.04634
925: Best f(1.95371, 5.002) = 1.04634
926: Best f(1.95371, 5.002) = 1.04634
927: Best f(1.95371, 5.002) = 1.04634
928: Best f(1.95371, 5.002) = 1.04634
929: Best f(1.95371, 5.002) = 1.04634
930: Best f(1.95371, 5.002) = 1.04634
931: Best f(1.95371, 5.002) = 1.04634
932: Best f(1.95371, 5.002) = 1.04634
933: Best f(1.95371, 5.002) = 1.04634
934: Best f(1.95371, 5.002) = 1.04634
935: Best f(1.95371, 5.002) = 1.04634
936: Best f(1.95371, 5.002) = 1.04634
937: Best f(1.95371, 5.002) = 1.04634
938: Best f(1.95371, 5.002) = 1.04634
939: Best f(1.95371, 5.002) = 1.04634
940: Best f(1.95371, 5.002) = 1.04634
941: Best f(1.95371, 5.002) = 1.04634
942: Best f(1.95371, 5.002) = 1.04634
943: Best f(1.95371, 5.002) = 1.04634
944: Best f(1.95371, 5.002) = 1.04634
945: Best f(1.95371, 5.002) = 1.04634
946: Best f(1.95371, 5.002) = 1.04634
947: Best f(1.95371, 5.002) = 1.04634
948: Best f(1.95371, 5.002) = 1.04634
949: Best f(1.95371, 5.002) = 1.04634
950: Best f(1.95371, 5.002) = 1.04634
951: Best f(1.95371, 5.002) = 1.04634
952: Best f(1.95371, 5.002) = 1.04634
953: Best f(1.95371, 5.002) = 1.04634
954: Best f(1.95371, 5.002) = 1.04634
955: Best f(1.95371, 5.002) = 1.04634
956: Best f(1.95371, 5.002) = 1.04634
957: Best f(1.95371, 5.002) = 1.04634
958: Best f(1.95371, 5.002) = 1.04634
959: Best f(1.95371, 5.002) = 1.04634
960: Best f(1.95371, 5.002) = 1.04634
961: Best f(1.95371, 5.002) = 1.04634
962: Best f(1.95371, 5.002) = 1.04634
963: Best f(1.95371, 5.002) = 1.04634
964: Best f(1.95371, 5.002) = 1.04634
965: Best f(1.95371, 5.002) = 1.04634
966: Best f(1.95371, 5.002) = 1.04634
967: Best f(1.95371, 5.002) = 1.04634
968: Best f(1.95371, 5.002) = 1.04634
969: Best f(1.95371, 5.002) = 1.04634
970: Best f(1.95371, 5.002) = 1.04634
971: Best f(1.95371, 5.002) = 1.04634
972: Best f(1.95371, 5.002) = 1.04634
973: Best f(1.95371, 5.002) = 1.04634
974: Best f(1.95371, 5.002) = 1.04634
975: Best f(1.95371, 5.002) = 1.04634
976: Best f(1.95371, 5.002) = 1.04634
977: Best f(1.95371, 5.002) = 1.04634
978: Best f(1.95371, 5.002) = 1.04634
979: Best f(1.95371, 5.002) = 1.04634
980: Best f(1.95371, 5.002) = 1.04634
981: Best f(1.95371, 5.002) = 1.04634
982: Best f(1.95371, 5.002) = 1.04634
983: Best f(1.95371, 5.002) = 1.04634
984: Best f(1.95371, 5.002) = 1.04634
985: Best f(1.95371, 5.002) = 1.04634
986: Best f(1.95371, 5.002) = 1.04634
987: Best f(1.95371, 5.002) = 1.04634
988: Best f(1.95371, 5.002) = 1.04634
989: Best f(1.95371, 5.002) = 1.04634
990: Best f(1.95371, 5.002) = 1.04634
991: Best f(1.95371, 5.002) = 1.04634
992: Best f(1.95371, 5.002) = 1.04634
993: Best f(1.95371, 5.002) = 1.04634
994: Best f(1.95371, 5.002) = 1.04634
995: Best f(1.95371, 5.002) = 1.04634
996: Best f(1.95371, 5.002) = 1.04634
997: Best f(1.95371, 5.002) = 1.04634
998: Best f(1.95371, 5.002) = 1.04634
999: Best f(1.95371, 5.002) = 1.04634
===============================================================================
All tests passed (2 assertions in 1 test case)

<end of output>
Test time =   0.08 sec
----------------------------------------------------------
Test Passed.
"tinyso-runner" end time: Sep 02 01:22 CEST
"tinyso-runner" time elapsed: 00:00:00
----------------------------------------------------------

End testing: Sep 02 01:22 CEST
